futbol-riverplate/manifest-merger-release-report.txt
-- Merging decision tree log ---
manifest
ADDED from AndroidManifest.xml:2:1
	package
		ADDED from AndroidManifest.xml:3:11
	android:versionName
		ADDED from AndroidManifest.xml:5:11
	android:versionCode
		ADDED from AndroidManifest.xml:4:11
		INJECTED from AndroidManifest.xml:0:0
		INJECTED from AndroidManifest.xml:0:0
	xmlns:android
		ADDED from AndroidManifest.xml:2:11
uses-sdk
ADDED from AndroidManifest.xml:7:5
MERGED from teamnews:api:1.0:7:5
MERGED from com.android.support:support-v4:25.3.1:21:5
MERGED from com.android.support:support-compat:25.3.1:21:5
MERGED from com.android.support:support-media-compat:25.3.1:21:5
MERGED from com.android.support:support-compat:25.3.1:21:5
MERGED from com.android.support:support-core-utils:25.3.1:21:5
MERGED from com.android.support:support-compat:25.3.1:21:5
MERGED from com.android.support:support-core-ui:25.3.1:21:5
MERGED from com.android.support:support-compat:25.3.1:21:5
MERGED from com.android.support:support-fragment:25.3.1:21:5
MERGED from com.android.support:support-compat:25.3.1:21:5
MERGED from com.android.support:support-media-compat:25.3.1:21:5
MERGED from com.android.support:support-compat:25.3.1:21:5
MERGED from com.android.support:support-core-ui:25.3.1:21:5
MERGED from com.android.support:support-compat:25.3.1:21:5
MERGED from com.android.support:support-core-utils:25.3.1:21:5
MERGED from com.android.support:support-compat:25.3.1:21:5
	tools:overrideLibrary
		ADDED from com.android.support:support-v4:25.3.1:23:9
	android:minSdkVersion
		ADDED from AndroidManifest.xml:7:15
uses-permission#android.permission.INTERNET
ADDED from AndroidManifest.xml:8:5
MERGED from teamnews:api:1.0:9:5
	android:name
		ADDED from AndroidManifest.xml:8:22
uses-permission#android.permission.ACCESS_WIFI_STATE
ADDED from AndroidManifest.xml:9:5
MERGED from teamnews:api:1.0:10:5
	android:name
		ADDED from AndroidManifest.xml:9:22
uses-permission#android.permission.ACCESS_NETWORK_STATE
ADDED from AndroidManifest.xml:10:5
MERGED from teamnews:api:1.0:11:5
	android:name
		ADDED from AndroidManifest.xml:10:22
uses-permission#android.permission.WRITE_EXTERNAL_STORAGE
ADDED from AndroidManifest.xml:11:5
MERGED from teamnews:api:1.0:12:5
	android:name
		ADDED from AndroidManifest.xml:11:22
uses-permission#android.permission.SYSTEM_ALERT_WINDOW
ADDED from AndroidManifest.xml:12:5
	android:name
		ADDED from AndroidManifest.xml:12:22
uses-permission#android.permission.GET_TASKS
ADDED from AndroidManifest.xml:13:5
	android:name
		ADDED from AndroidManifest.xml:13:22
uses-permission#android.permission.INTERACT_ACROSS_USERS_FULL
ADDED from AndroidManifest.xml:14:5
	android:name
		ADDED from AndroidManifest.xml:14:22
uses-permission#android.permission.ACCESS_COARSE_LOCATION
ADDED from AndroidManifest.xml:15:5
MERGED from teamnews:api:1.0:13:5
	android:name
		ADDED from AndroidManifest.xml:15:22
uses-permission#android.permission.ACCESS_FINE_LOCATION
ADDED from AndroidManifest.xml:16:5
MERGED from teamnews:api:1.0:14:5
	android:name
		ADDED from AndroidManifest.xml:16:22
application
ADDED from AndroidManifest.xml:18:5
MERGED from teamnews:api:1.0:16:5
MERGED from com.android.support:support-v4:25.3.1:29:5
MERGED from com.android.support:support-compat:25.3.1:29:5
MERGED from com.android.support:support-media-compat:25.3.1:29:5
MERGED from com.android.support:support-compat:25.3.1:29:5
MERGED from com.android.support:support-core-utils:25.3.1:29:5
MERGED from com.android.support:support-compat:25.3.1:29:5
MERGED from com.android.support:support-core-ui:25.3.1:29:5
MERGED from com.android.support:support-compat:25.3.1:29:5
MERGED from com.android.support:support-fragment:25.3.1:29:5
MERGED from com.android.support:support-compat:25.3.1:29:5
MERGED from com.android.support:support-media-compat:25.3.1:29:5
MERGED from com.android.support:support-compat:25.3.1:29:5
MERGED from com.android.support:support-core-ui:25.3.1:29:5
MERGED from com.android.support:support-compat:25.3.1:29:5
MERGED from com.android.support:support-core-utils:25.3.1:29:5
MERGED from com.android.support:support-compat:25.3.1:29:5
	android:label
		ADDED from AndroidManifest.xml:19:13
	android:icon
		ADDED from AndroidManifest.xml:21:13
	android:theme
		ADDED from AndroidManifest.xml:20:13
activity#com.soulraven.teamnews.activity.SplashScreenActivity
ADDED from AndroidManifest.xml:23:9
	android:label
		ADDED from AndroidManifest.xml:26:19
	android:configChanges
		ADDED from AndroidManifest.xml:25:19
	android:theme
		ADDED from AndroidManifest.xml:24:19
	android:name
		ADDED from AndroidManifest.xml:23:19
intent-filter#android.intent.action.MAIN+android.intent.category.LAUNCHER
ADDED from AndroidManifest.xml:27:13
action#android.intent.action.MAIN
ADDED from AndroidManifest.xml:28:17
	android:name
		ADDED from AndroidManifest.xml:28:25
category#android.intent.category.LAUNCHER
ADDED from AndroidManifest.xml:29:17
	android:name
		ADDED from AndroidManifest.xml:29:27
activity#com.soulraven.teamnews.activity.NewsListActivity
ADDED from AndroidManifest.xml:33:9
	android:label
		ADDED from AndroidManifest.xml:35:19
	android:parentActivityName
		ADDED from AndroidManifest.xml:34:19
	android:name
		ADDED from AndroidManifest.xml:33:19
activity#com.soulraven.teamnews.activity.DisplayNewsActivity
ADDED from AndroidManifest.xml:37:9
	android:label
		ADDED from AndroidManifest.xml:39:19
	android:parentActivityName
		ADDED from AndroidManifest.xml:38:19
	android:name
		ADDED from AndroidManifest.xml:37:19
activity#com.startapp.android.publish.list3d.List3DActivity
ADDED from AndroidManifest.xml:41:9
	android:theme
		ADDED from AndroidManifest.xml:43:19
	android:taskAffinity
		ADDED from AndroidManifest.xml:42:19
	android:name
		ADDED from AndroidManifest.xml:41:19
activity#com.startapp.android.publish.AppWallActivity
ADDED from AndroidManifest.xml:45:9
	android:configChanges
		ADDED from AndroidManifest.xml:48:19
	android:theme
		ADDED from AndroidManifest.xml:46:19
	android:taskAffinity
		ADDED from AndroidManifest.xml:47:19
	android:name
		ADDED from AndroidManifest.xml:45:19
activity#com.startapp.android.publish.OverlayActivity
ADDED from AndroidManifest.xml:53:9
	android:configChanges
		ADDED from AndroidManifest.xml:55:13
	android:theme
		ADDED from AndroidManifest.xml:54:13
	android:name
		ADDED from AndroidManifest.xml:53:19
activity#com.startapp.android.publish.FullScreenActivity
ADDED from AndroidManifest.xml:57:9
	android:configChanges
		ADDED from AndroidManifest.xml:59:13
	android:theme
		ADDED from AndroidManifest.xml:58:13
	android:name
		ADDED from AndroidManifest.xml:57:19
meta-data#android.support.VERSION
ADDED from com.android.support:support-v4:25.3.1:25:5
MERGED from com.android.support:support-compat:25.3.1:25:5
MERGED from com.android.support:support-media-compat:25.3.1:25:5
MERGED from com.android.support:support-compat:25.3.1:25:5
MERGED from com.android.support:support-core-utils:25.3.1:25:5
MERGED from com.android.support:support-compat:25.3.1:25:5
MERGED from com.android.support:support-core-ui:25.3.1:25:5
MERGED from com.android.support:support-compat:25.3.1:25:5
MERGED from com.android.support:support-fragment:25.3.1:25:5
MERGED from com.android.support:support-compat:25.3.1:25:5
MERGED from com.android.support:support-media-compat:25.3.1:25:5
MERGED from com.android.support:support-compat:25.3.1:25:5
MERGED from com.android.support:support-core-ui:25.3.1:25:5
MERGED from com.android.support:support-compat:25.3.1:25:5
MERGED from com.android.support:support-core-utils:25.3.1:25:5
MERGED from com.android.support:support-compat:25.3.1:25:5
	android:value
		ADDED from com.android.support:support-v4:25.3.1:27:9
	android:name
		ADDED from com.android.support:support-v4:25.3.1:26:9